<?xml version="1.0" encoding="UTF-8"?>
<!-- Generated by org.testng.reporters.JUnitReportReporter -->
<testsuite hostname="DESKTOP-FUUP9R2" failures="0" tests="1" name="com.rmgyantra.DifferentPostTheProject.CreateProjectJsonObject" time="1.336" errors="0" timestamp="2021-12-08T17:52:54 IST" skipped="0">
  <testcase classname="com.rmgyantra.DifferentPostTheProject.CreateProjectJsonObject" name="createproject" time="1.336"/>
  <system-out/>
</testsuite> <!-- com.rmgyantra.DifferentPostTheProject.CreateProjectJsonObject -->
