<?xml version="1.0" encoding="UTF-8"?>
<!-- Generated by org.testng.reporters.JUnitReportReporter -->
<testsuite hostname="DESKTOP-FUUP9R2" failures="0" tests="1" name="com.rmgyantra.HamcrestValidation.HamcrestValidationTest" time="1.521" errors="0" timestamp="2021-12-10T15:39:16 IST" skipped="0">
  <testcase classname="com.rmgyantra.HamcrestValidation.HamcrestValidationTest" name="hamcrestvalidation" time="1.521"/>
  <system-out/>
</testsuite> <!-- com.rmgyantra.HamcrestValidation.HamcrestValidationTest -->
