<?xml version="1.0" encoding="UTF-8"?>
<!-- Generated by org.testng.reporters.JUnitReportReporter -->
<testsuite hostname="DESKTOP-FUUP9R2" failures="0" tests="1" name="com.rmgyantra.ResponseValidation.DynamicResponseTest" time="1.467" errors="0" timestamp="2021-12-09T16:16:34 IST" skipped="0">
  <testcase classname="com.rmgyantra.ResponseValidation.DynamicResponseTest" name="dynamicresponse" time="1.467"/>
  <system-out/>
</testsuite> <!-- com.rmgyantra.ResponseValidation.DynamicResponseTest -->
