<?xml version="1.0" encoding="UTF-8"?>
<!-- Generated by org.testng.reporters.JUnitReportReporter -->
<testsuite hostname="DESKTOP-FUUP9R2" failures="0" tests="2" name="com.rmgyantra.Authentication.PreemptiveandDigestiveAuthTest" time="1.286" errors="0" timestamp="2021-12-10T16:29:30 IST" skipped="0">
  <testcase classname="com.rmgyantra.Authentication.PreemptiveandDigestiveAuthTest" name="digestiveAuth" time="1.187"/>
  <system-out/>
  <testcase classname="com.rmgyantra.Authentication.PreemptiveandDigestiveAuthTest" name="preemptiveAuth" time="0.099"/>
  <system-out/>
</testsuite> <!-- com.rmgyantra.Authentication.PreemptiveandDigestiveAuthTest -->
