<?xml version="1.0" encoding="UTF-8"?>
<!-- Generated by org.testng.reporters.JUnitReportReporter -->
<testsuite hostname="DESKTOP-FUUP9R2" failures="0" tests="2" name="com.rmgyantra.DifferentPostTheProject.POJOwithDataProviderTest" time="1.397" errors="0" timestamp="2021-12-09T15:00:49 IST" skipped="0">
  <testcase classname="com.rmgyantra.DifferentPostTheProject.POJOwithDataProviderTest" name="createProjectusingPOJO" time="1.325"/>
  <system-out/>
  <testcase classname="com.rmgyantra.DifferentPostTheProject.POJOwithDataProviderTest" name="createProjectusingPOJO" time="0.072"/>
  <system-out/>
</testsuite> <!-- com.rmgyantra.DifferentPostTheProject.POJOwithDataProviderTest -->
