<?xml version="1.0" encoding="UTF-8"?>
<!-- Generated by org.testng.reporters.JUnitReportReporter -->
<testsuite hostname="DESKTOP-FUUP9R2" failures="0" tests="1" name="com.rmgyantra.Authentication.BearertokenTest" time="2.126" errors="0" timestamp="2021-12-10T16:08:10 IST" skipped="0">
  <testcase classname="com.rmgyantra.Authentication.BearertokenTest" name="bearertoken" time="2.126"/>
  <system-out/>
</testsuite> <!-- com.rmgyantra.Authentication.BearertokenTest -->
