<?xml version="1.0" encoding="UTF-8"?>
<!-- Generated by org.testng.reporters.JUnitReportReporter -->
<testsuite hostname="DESKTOP-FUUP9R2" failures="0" tests="1" name="com.rmgyantra.Parameters.QueryParameterTest" time="1.943" errors="0" timestamp="2021-12-10T14:50:16 IST" skipped="0">
  <testcase classname="com.rmgyantra.Parameters.QueryParameterTest" name="queryparameter" time="1.943"/>
  <system-out/>
</testsuite> <!-- com.rmgyantra.Parameters.QueryParameterTest -->
