<?xml version="1.0" encoding="UTF-8"?>
<!-- Generated by org.testng.reporters.JUnitReportReporter -->
<testsuite hostname="DESKTOP-FUUP9R2" failures="0" tests="1" name="com.rmgyantra.Parameters.GitpathParameterTest" time="2.261" errors="0" timestamp="2021-12-10T15:07:48 IST" skipped="0">
  <testcase classname="com.rmgyantra.Parameters.GitpathParameterTest" name="gitpathparameter" time="2.261"/>
  <system-out/>
</testsuite> <!-- com.rmgyantra.Parameters.GitpathParameterTest -->
