<?xml version="1.0" encoding="UTF-8"?>
<!-- Generated by org.testng.reporters.JUnitReportReporter -->
<testsuite hostname="DESKTOP-FUUP9R2" failures="0" tests="1" name="CRUD_Operation_Without_BDD.GetAllTheProjectsTest" time="1.169" errors="0" timestamp="2021-12-07T16:58:38 IST" skipped="0">
  <testcase classname="CRUD_Operation_Without_BDD.GetAllTheProjectsTest" name="getalltheprojectsTest" time="1.169"/>
  <system-out/>
</testsuite> <!-- CRUD_Operation_Without_BDD.GetAllTheProjectsTest -->
