<?xml version="1.0" encoding="UTF-8"?>
<!-- Generated by org.testng.reporters.JUnitReportReporter -->
<testsuite hostname="DESKTOP-FUUP9R2" failures="0" tests="1" name="com.rmgyantra.CRUD_Operation_With_BDD.DeleteProjectTest" time="1.101" errors="0" timestamp="2021-12-08T16:05:18 IST" skipped="0">
  <testcase classname="com.rmgyantra.CRUD_Operation_With_BDD.DeleteProjectTest" name="deletetheproject" time="1.101"/>
  <system-out/>
</testsuite> <!-- com.rmgyantra.CRUD_Operation_With_BDD.DeleteProjectTest -->
