<?xml version="1.0" encoding="UTF-8"?>
<!-- Generated by org.testng.reporters.JUnitReportReporter -->
<testsuite hostname="DESKTOP-FUUP9R2" failures="0" tests="1" name="com.rmgyantra.DifferentPostTheProject.CreateProjectWithPOJOTest" time="1.331" errors="0" timestamp="2021-12-08T18:01:02 IST" skipped="0">
  <testcase classname="com.rmgyantra.DifferentPostTheProject.CreateProjectWithPOJOTest" name="createProjectusingPOJO" time="1.331"/>
  <system-out/>
</testsuite> <!-- com.rmgyantra.DifferentPostTheProject.CreateProjectWithPOJOTest -->
