<?xml version="1.0" encoding="UTF-8"?>
<!-- Generated by org.testng.reporters.JUnitReportReporter -->
<testsuite hostname="DESKTOP-FUUP9R2" failures="0" tests="1" name="com.rmgyantra.CRUD_Operation_With_BDD.UpdateProjectTest" time="1.259" errors="0" timestamp="2021-12-08T16:13:32 IST" skipped="0">
  <testcase classname="com.rmgyantra.CRUD_Operation_With_BDD.UpdateProjectTest" name="updateprojectwithput" time="1.259"/>
  <system-out/>
</testsuite> <!-- com.rmgyantra.CRUD_Operation_With_BDD.UpdateProjectTest -->
