<?xml version="1.0" encoding="UTF-8"?>
<!-- Generated by org.testng.reporters.JUnitReportReporter -->
<testsuite hostname="DESKTOP-FUUP9R2" failures="0" tests="1" name="CRUD_Operation_Without_BDD.UpdateProjectTest" time="1.318" errors="0" timestamp="2021-12-08T15:27:45 IST" skipped="0">
  <testcase classname="CRUD_Operation_Without_BDD.UpdateProjectTest" name="updateproject" time="1.318"/>
  <system-out/>
</testsuite> <!-- CRUD_Operation_Without_BDD.UpdateProjectTest -->
