<?xml version="1.0" encoding="UTF-8"?>
<!-- Generated by org.testng.reporters.JUnitReportReporter -->
<testsuite hostname="DESKTOP-FUUP9R2" failures="0" tests="1" name="com.rmgyantra.DifferentPostTheProject.CreateProjectusingHashMapTest" time="1.443" errors="0" timestamp="2021-12-08T17:29:30 IST" skipped="0">
  <testcase classname="com.rmgyantra.DifferentPostTheProject.CreateProjectusingHashMapTest" name="createproject" time="1.443"/>
  <system-out/>
</testsuite> <!-- com.rmgyantra.DifferentPostTheProject.CreateProjectusingHashMapTest -->
