<?xml version="1.0" encoding="UTF-8"?>
<!-- Generated by org.testng.reporters.JUnitReportReporter -->
<testsuite hostname="DESKTOP-FUUP9R2" failures="0" tests="1" name="com.rmgyantra.Authentication.OAuthTest" time="2.585" errors="0" timestamp="2021-12-13T15:39:05 IST" skipped="0">
  <testcase classname="com.rmgyantra.Authentication.OAuthTest" name="oauth2" time="2.585"/>
  <system-out/>
</testsuite> <!-- com.rmgyantra.Authentication.OAuthTest -->
