<?xml version="1.0" encoding="UTF-8"?>
<!-- Generated by org.testng.reporters.JUnitReportReporter -->
<testsuite hostname="DESKTOP-FUUP9R2" failures="0" tests="1" name="com.rmgyantra.DifferentPostTheProject.CreateProjectUsingJsonFileTest" time="1.231" errors="0" timestamp="2021-12-08T17:23:57 IST" skipped="0">
  <testcase classname="com.rmgyantra.DifferentPostTheProject.CreateProjectUsingJsonFileTest" name="createProjectJsonFile" time="1.231"/>
  <system-out/>
</testsuite> <!-- com.rmgyantra.DifferentPostTheProject.CreateProjectUsingJsonFileTest -->
