<?xml version="1.0" encoding="UTF-8"?>
<!-- Generated by org.testng.reporters.JUnitReportReporter -->
<testsuite hostname="DESKTOP-FUUP9R2" failures="0" tests="1" name="com.rmgyantra.RequestChaining.RequestChainingTest" time="1.706" errors="0" timestamp="2021-12-10T17:27:42 IST" skipped="0">
  <testcase classname="com.rmgyantra.RequestChaining.RequestChainingTest" name="requestchaining" time="1.706"/>
  <system-out/>
</testsuite> <!-- com.rmgyantra.RequestChaining.RequestChainingTest -->
