<?xml version="1.0" encoding="UTF-8"?>
<!-- Generated by org.testng.reporters.JUnitReportReporter -->
<testsuite hostname="DESKTOP-FUUP9R2" failures="0" tests="1" name="com.rmgyantra.Parameters.PathParameterTest" time="1.147" errors="0" timestamp="2021-12-09T16:30:33 IST" skipped="0">
  <testcase classname="com.rmgyantra.Parameters.PathParameterTest" name="pathparameter" time="1.147"/>
  <system-out/>
</testsuite> <!-- com.rmgyantra.Parameters.PathParameterTest -->
