<?xml version="1.0" encoding="UTF-8"?>
<!-- Generated by org.testng.reporters.JUnitReportReporter -->
<testsuite hostname="DESKTOP-FUUP9R2" failures="0" tests="1" name="com.rmgyantra.Authentication.BasicAuthTest" time="1.219" errors="0" timestamp="2021-12-10T16:13:57 IST" skipped="0">
  <testcase classname="com.rmgyantra.Authentication.BasicAuthTest" name="basicauth" time="1.219"/>
  <system-out/>
</testsuite> <!-- com.rmgyantra.Authentication.BasicAuthTest -->
