<?xml version="1.0" encoding="UTF-8"?>
<!-- Generated by org.testng.reporters.JUnitReportReporter -->
<testsuite hostname="DESKTOP-FUUP9R2" failures="0" tests="1" name="CRUD_Operation_Without_BDD.CreateProjectTest" time="1.531" errors="0" timestamp="2021-12-08T15:19:12 IST" skipped="0">
  <testcase classname="CRUD_Operation_Without_BDD.CreateProjectTest" name="createproject" time="1.531"/>
  <system-out/>
</testsuite> <!-- CRUD_Operation_Without_BDD.CreateProjectTest -->
