<?xml version="1.0" encoding="UTF-8"?>
<!-- Generated by org.testng.reporters.JUnitReportReporter -->
<testsuite hostname="DESKTOP-FUUP9R2" failures="0" tests="1" name="CRUD_Operation_Without_BDD.GetAllTheProjects" time="1.497" errors="0" timestamp="2021-12-07T16:12:21 IST" skipped="0">
  <testcase classname="CRUD_Operation_Without_BDD.GetAllTheProjects" name="getalltheprojectsTest" time="1.497"/>
  <system-out/>
</testsuite> <!-- CRUD_Operation_Without_BDD.GetAllTheProjects -->
