<?xml version="1.0" encoding="UTF-8"?>
<!-- Generated by org.testng.reporters.JUnitReportReporter -->
<testsuite hostname="DESKTOP-FUUP9R2" failures="0" tests="1" name="com.rmgyantra.CRUD_Operation_With_BDD.CreateProjectTest" time="1.326" errors="0" timestamp="2021-12-09T17:46:13 IST" skipped="0">
  <testcase classname="com.rmgyantra.CRUD_Operation_With_BDD.CreateProjectTest" name="createproject" time="1.326"/>
  <system-out/>
</testsuite> <!-- com.rmgyantra.CRUD_Operation_With_BDD.CreateProjectTest -->
